<?xml version="1.0" encoding="UTF-8"?>
<!-- Generated by org.testng.reporters.JUnitXMLReporter -->
<testsuite hostname="P117" ignored="9" name="Acceptance-Suite" tests="4" failures="2" timestamp="2021-03-16T20:51:24 CET" time="80.31" errors="0">
  <testcase name="testGetVoicemod" time="3.925" classname="test.GetVoicemodTest"/>
  <testcase name="changeLanguage" time="21.233" classname="test.ChangeLanguageTest">
    <failure type="org.openqa.selenium.ElementClickInterceptedException" message="Element &amp;lt;span&amp;gt; is not clickable at point (1467,55) because another element &amp;lt;a class=&amp;quot;btn btn-primary btn-lg&amp;quot; href=&amp;quot;https://www.voicemod.net/downloadVoicemodAccount.php?last=1&amp;quot; type=&amp;quot;button&amp;quot;&amp;gt; obscures it
Build info: version: &amp;apos;3.141.59&amp;apos;, revision: &amp;apos;e82be7d358&amp;apos;, time: &amp;apos;2018-11-14T08:17:03&amp;apos;
System info: host: &amp;apos;P117&amp;apos;, ip: &amp;apos;127.0.1.1&amp;apos;, os.name: &amp;apos;Linux&amp;apos;, os.arch: &amp;apos;amd64&amp;apos;, os.version: &amp;apos;4.15.0-136-generic&amp;apos;, java.version: &amp;apos;1.8.0_282&amp;apos;
Driver info: org.openqa.selenium.firefox.FirefoxDriver
Capabilities {acceptInsecureCerts: true, browserName: firefox, browserVersion: 86.0, javascriptEnabled: true, moz:accessibilityChecks: false, moz:buildID: 20210222142601, moz:geckodriverVersion: 0.28.0, moz:headless: false, moz:processID: 9865, moz:profile: /tmp/rust_mozprofileNvmCV4, moz:shutdownTimeout: 60000, moz:useNonSpecCompliantPointerOrigin: false, moz:webdriverClick: true, pageLoadStrategy: normal, platform: LINUX, platformName: LINUX, platformVersion: 4.15.0-136-generic, rotatable: false, setWindowRect: true, strictFileInteractability: false, timeouts: {implicit: 0, pageLoad: 300000, script: 30000}, unhandledPromptBehavior: dismiss and notify}
Session ID: 320ca56d-d032-43ba-bf90-1fb2f92df4c7">
      <![CDATA[org.openqa.selenium.ElementClickInterceptedException: Element <span> is not clickable at point (1467,55) because another element <a class="btn btn-primary btn-lg" href="https://www.voicemod.net/downloadVoicemodAccount.php?last=1" type="button"> obscures it
Build info: version: '3.141.59', revision: 'e82be7d358', time: '2018-11-14T08:17:03'
System info: host: 'P117', ip: '127.0.1.1', os.name: 'Linux', os.arch: 'amd64', os.version: '4.15.0-136-generic', java.version: '1.8.0_282'
Driver info: org.openqa.selenium.firefox.FirefoxDriver
Capabilities {acceptInsecureCerts: true, browserName: firefox, browserVersion: 86.0, javascriptEnabled: true, moz:accessibilityChecks: false, moz:buildID: 20210222142601, moz:geckodriverVersion: 0.28.0, moz:headless: false, moz:processID: 9865, moz:profile: /tmp/rust_mozprofileNvmCV4, moz:shutdownTimeout: 60000, moz:useNonSpecCompliantPointerOrigin: false, moz:webdriverClick: true, pageLoadStrategy: normal, platform: LINUX, platformName: LINUX, platformVersion: 4.15.0-136-generic, rotatable: false, setWindowRect: true, strictFileInteractability: false, timeouts: {implicit: 0, pageLoad: 300000, script: 30000}, unhandledPromptBehavior: dismiss and notify}
Session ID: 320ca56d-d032-43ba-bf90-1fb2f92df4c7
at org.openqa.selenium.remote.http.W3CHttpResponseCodec.createException(W3CHttpResponseCodec.java:187)
at org.openqa.selenium.remote.http.W3CHttpResponseCodec.decode(W3CHttpResponseCodec.java:122)
at org.openqa.selenium.remote.http.W3CHttpResponseCodec.decode(W3CHttpResponseCodec.java:49)
at org.openqa.selenium.remote.HttpCommandExecutor.execute(HttpCommandExecutor.java:158)
at org.openqa.selenium.remote.service.DriverCommandExecutor.execute(DriverCommandExecutor.java:83)
at org.openqa.selenium.remote.RemoteWebDriver.execute(RemoteWebDriver.java:552)
at org.openqa.selenium.remote.RemoteWebElement.execute(RemoteWebElement.java:285)
at org.openqa.selenium.remote.RemoteWebElement.click(RemoteWebElement.java:84)
at configuration.BasePageObjectConfig.clickOnElement(BasePageObjectConfig.java:303)
at pageobject.HomePage.viewLanguages(HomePage.java:167)
at test.ChangeLanguageTest.changeLanguage(ChangeLanguageTest.java:47)
at java.util.ArrayList.forEach(ArrayList.java:1259)
... Removed 34 stack frames]]>
    </failure>
  </testcase> <!-- changeLanguage -->
  <testcase name="goToPlayStoreTest" time="32.705" classname="test.GoToPlayStoreTest"/>
  <testcase name="goToPlayStoreTest" time="21.195" classname="test.GoToIosStoreTest">
    <failure type="org.openqa.selenium.ElementClickInterceptedException" message="Element &amp;lt;a href=&amp;quot;https://www.voicemod.net/voicemod-clips/&amp;quot;&amp;gt; is not clickable at point (1317,55) because another element &amp;lt;div class=&amp;quot;row align-items-center&amp;quot;&amp;gt; obscures it
Build info: version: &amp;apos;3.141.59&amp;apos;, revision: &amp;apos;e82be7d358&amp;apos;, time: &amp;apos;2018-11-14T08:17:03&amp;apos;
System info: host: &amp;apos;P117&amp;apos;, ip: &amp;apos;127.0.1.1&amp;apos;, os.name: &amp;apos;Linux&amp;apos;, os.arch: &amp;apos;amd64&amp;apos;, os.version: &amp;apos;4.15.0-136-generic&amp;apos;, java.version: &amp;apos;1.8.0_282&amp;apos;
Driver info: org.openqa.selenium.firefox.FirefoxDriver
Capabilities {acceptInsecureCerts: true, browserName: firefox, browserVersion: 86.0, javascriptEnabled: true, moz:accessibilityChecks: false, moz:buildID: 20210222142601, moz:geckodriverVersion: 0.28.0, moz:headless: false, moz:processID: 9865, moz:profile: /tmp/rust_mozprofileNvmCV4, moz:shutdownTimeout: 60000, moz:useNonSpecCompliantPointerOrigin: false, moz:webdriverClick: true, pageLoadStrategy: normal, platform: LINUX, platformName: LINUX, platformVersion: 4.15.0-136-generic, rotatable: false, setWindowRect: true, strictFileInteractability: false, timeouts: {implicit: 0, pageLoad: 300000, script: 30000}, unhandledPromptBehavior: dismiss and notify}
Session ID: 320ca56d-d032-43ba-bf90-1fb2f92df4c7">
      <![CDATA[org.openqa.selenium.ElementClickInterceptedException: Element <a href="https://www.voicemod.net/voicemod-clips/"> is not clickable at point (1317,55) because another element <div class="row align-items-center"> obscures it
Build info: version: '3.141.59', revision: 'e82be7d358', time: '2018-11-14T08:17:03'
System info: host: 'P117', ip: '127.0.1.1', os.name: 'Linux', os.arch: 'amd64', os.version: '4.15.0-136-generic', java.version: '1.8.0_282'
Driver info: org.openqa.selenium.firefox.FirefoxDriver
Capabilities {acceptInsecureCerts: true, browserName: firefox, browserVersion: 86.0, javascriptEnabled: true, moz:accessibilityChecks: false, moz:buildID: 20210222142601, moz:geckodriverVersion: 0.28.0, moz:headless: false, moz:processID: 9865, moz:profile: /tmp/rust_mozprofileNvmCV4, moz:shutdownTimeout: 60000, moz:useNonSpecCompliantPointerOrigin: false, moz:webdriverClick: true, pageLoadStrategy: normal, platform: LINUX, platformName: LINUX, platformVersion: 4.15.0-136-generic, rotatable: false, setWindowRect: true, strictFileInteractability: false, timeouts: {implicit: 0, pageLoad: 300000, script: 30000}, unhandledPromptBehavior: dismiss and notify}
Session ID: 320ca56d-d032-43ba-bf90-1fb2f92df4c7
at org.openqa.selenium.remote.http.W3CHttpResponseCodec.createException(W3CHttpResponseCodec.java:187)
at org.openqa.selenium.remote.http.W3CHttpResponseCodec.decode(W3CHttpResponseCodec.java:122)
at org.openqa.selenium.remote.http.W3CHttpResponseCodec.decode(W3CHttpResponseCodec.java:49)
at org.openqa.selenium.remote.HttpCommandExecutor.execute(HttpCommandExecutor.java:158)
at org.openqa.selenium.remote.service.DriverCommandExecutor.execute(DriverCommandExecutor.java:83)
at org.openqa.selenium.remote.RemoteWebDriver.execute(RemoteWebDriver.java:552)
at org.openqa.selenium.remote.RemoteWebElement.execute(RemoteWebElement.java:285)
at org.openqa.selenium.remote.RemoteWebElement.click(RemoteWebElement.java:84)
at configuration.BasePageObjectConfig.clickOnElement(BasePageObjectConfig.java:303)
at pageobject.HomePage.openOurApps(HomePage.java:185)
at test.GoToIosStoreTest.goToPlayStoreTest(GoToIosStoreTest.java:55)
at java.util.ArrayList.forEach(ArrayList.java:1259)
... Removed 34 stack frames]]>
    </failure>
  </testcase> <!-- goToPlayStoreTest -->
  <testcase name="@AfterTest closeWindow" time="0.0" classname="configuration.TestSetConfig">
    <ignored/>
  </testcase> <!-- @AfterTest closeWindow -->
  <testcase name="@AfterTest closeWindow" time="0.0" classname="configuration.TestSetConfig">
    <ignored/>
  </testcase> <!-- @AfterTest closeWindow -->
  <testcase name="@AfterTest closeWindow" time="0.0" classname="configuration.TestSetConfig">
    <ignored/>
  </testcase> <!-- @AfterTest closeWindow -->
  <testcase name="@AfterSuite tearDown" time="0.0" classname="configuration.TestSetConfig">
    <ignored/>
  </testcase> <!-- @AfterSuite tearDown -->
  <testcase name="@AfterSuite tearDown" time="0.0" classname="configuration.TestSetConfig">
    <ignored/>
  </testcase> <!-- @AfterSuite tearDown -->
  <testcase name="@AfterSuite tearDown" time="0.0" classname="configuration.TestSetConfig">
    <ignored/>
  </testcase> <!-- @AfterSuite tearDown -->
  <testcase name="@BeforeSuite setUpConfiguration" time="0.0" classname="configuration.TestSetConfig">
    <ignored/>
  </testcase> <!-- @BeforeSuite setUpConfiguration -->
  <testcase name="@BeforeSuite setUpConfiguration" time="0.0" classname="configuration.TestSetConfig">
    <ignored/>
  </testcase> <!-- @BeforeSuite setUpConfiguration -->
  <testcase name="@BeforeSuite setUpConfiguration" time="0.0" classname="configuration.TestSetConfig">
    <ignored/>
  </testcase> <!-- @BeforeSuite setUpConfiguration -->
</testsuite> <!-- Acceptance-Suite -->
