<?xml version="1.0" encoding="UTF-8"?>
<testsuite name="TestSuite" time="101.12" tests="5" errors="0" skipped="0" failures="3">
  <properties>
    <property name="java.runtime.name" value="OpenJDK Runtime Environment"/>
    <property name="sun.boot.library.path" value="/usr/lib/jvm/java-8-openjdk-amd64/jre/lib/amd64"/>
    <property name="java.vm.version" value="25.282-b08"/>
    <property name="java.vm.vendor" value="Private Build"/>
    <property name="maven.multiModuleProjectDirectory" value="/home/juanfsanchez/eclipse-workspace/QA_process/QA_process"/>
    <property name="java.vendor.url" value="http://java.oracle.com/"/>
    <property name="path.separator" value=":"/>
    <property name="guice.disable.misplaced.annotation.check" value="true"/>
    <property name="java.vm.name" value="OpenJDK 64-Bit Server VM"/>
    <property name="file.encoding.pkg" value="sun.io"/>
    <property name="user.country" value="ES"/>
    <property name="sun.java.launcher" value="SUN_STANDARD"/>
    <property name="sun.os.patch.level" value="unknown"/>
    <property name="java.vm.specification.name" value="Java Virtual Machine Specification"/>
    <property name="user.dir" value="/home/juanfsanchez/eclipse-workspace/QA_process/QA_process"/>
    <property name="java.runtime.version" value="1.8.0_282-8u282-b08-0ubuntu1~18.04-b08"/>
    <property name="java.awt.graphicsenv" value="sun.awt.X11GraphicsEnvironment"/>
    <property name="java.endorsed.dirs" value="/usr/lib/jvm/java-8-openjdk-amd64/jre/lib/endorsed"/>
    <property name="os.arch" value="amd64"/>
    <property name="java.io.tmpdir" value="/tmp"/>
    <property name="line.separator" value="&#10;"/>
    <property name="java.vm.specification.vendor" value="Oracle Corporation"/>
    <property name="os.name" value="Linux"/>
    <property name="classworlds.conf" value="/home/juanfsanchez/maven3/bin/m2.conf"/>
    <property name="sun.jnu.encoding" value="UTF-8"/>
    <property name="java.library.path" value="/usr/java/packages/lib/amd64:/usr/lib/x86_64-linux-gnu/jni:/lib/x86_64-linux-gnu:/usr/lib/x86_64-linux-gnu:/usr/lib/jni:/lib:/usr/lib"/>
    <property name="maven.conf" value="/home/juanfsanchez/maven3/conf"/>
    <property name="java.specification.name" value="Java Platform API Specification"/>
    <property name="java.class.version" value="52.0"/>
    <property name="sun.management.compiler" value="HotSpot 64-Bit Tiered Compilers"/>
    <property name="os.version" value="4.15.0-136-generic"/>
    <property name="library.jansi.path" value="/home/juanfsanchez/maven3/lib/jansi-native"/>
    <property name="user.home" value="/home/juanfsanchez"/>
    <property name="user.timezone" value="Europe/Madrid"/>
    <property name="java.awt.printerjob" value="sun.print.PSPrinterJob"/>
    <property name="java.specification.version" value="1.8"/>
    <property name="file.encoding" value="UTF-8"/>
    <property name="user.name" value="juanfsanchez"/>
    <property name="java.class.path" value="/home/juanfsanchez/maven3/boot/plexus-classworlds-2.5.2.jar"/>
    <property name="java.vm.specification.version" value="1.8"/>
    <property name="sun.arch.data.model" value="64"/>
    <property name="java.home" value="/usr/lib/jvm/java-8-openjdk-amd64/jre"/>
    <property name="sun.java.command" value="org.codehaus.plexus.classworlds.launcher.Launcher clean -DtestSuite=src/main/resources/suite/testng.xml test"/>
    <property name="testSuite" value="src/main/resources/suite/testng.xml"/>
    <property name="java.specification.vendor" value="Oracle Corporation"/>
    <property name="user.language" value="es"/>
    <property name="awt.toolkit" value="sun.awt.X11.XToolkit"/>
    <property name="java.vm.info" value="mixed mode"/>
    <property name="java.version" value="1.8.0_282"/>
    <property name="java.ext.dirs" value="/usr/lib/jvm/java-8-openjdk-amd64/jre/lib/ext:/usr/java/packages/lib/ext"/>
    <property name="securerandom.source" value="file:/dev/./urandom"/>
    <property name="sun.boot.class.path" value="/usr/lib/jvm/java-8-openjdk-amd64/jre/lib/resources.jar:/usr/lib/jvm/java-8-openjdk-amd64/jre/lib/rt.jar:/usr/lib/jvm/java-8-openjdk-amd64/jre/lib/sunrsasign.jar:/usr/lib/jvm/java-8-openjdk-amd64/jre/lib/jsse.jar:/usr/lib/jvm/java-8-openjdk-amd64/jre/lib/jce.jar:/usr/lib/jvm/java-8-openjdk-amd64/jre/lib/charsets.jar:/usr/lib/jvm/java-8-openjdk-amd64/jre/lib/jfr.jar:/usr/lib/jvm/java-8-openjdk-amd64/jre/classes"/>
    <property name="java.vendor" value="Private Build"/>
    <property name="maven.home" value="/home/juanfsanchez/maven3"/>
    <property name="file.separator" value="/"/>
    <property name="java.vendor.url.bug" value="http://bugreport.sun.com/bugreport/"/>
    <property name="sun.cpu.endian" value="little"/>
    <property name="sun.io.unicode.encoding" value="UnicodeLittle"/>
    <property name="sun.desktop" value="gnome"/>
    <property name="sun.cpu.isalist" value=""/>
  </properties>
  <testcase name="testGetVoicemod" classname="test.GetVoicemodTest" time="3.922"/>
  <testcase name="changeLanguage" classname="test.ChangeLanguageTest" time="21.239">
    <failure message="Element &lt;span&gt; is not clickable at point (1467,55) because another element &lt;a class=&quot;btn btn-primary btn-lg&quot; href=&quot;https://www.voicemod.net/downloadVoicemodAccount.php?last=1&quot; type=&quot;button&quot;&gt; obscures it&#10;Build info: version: &apos;3.141.59&apos;, revision: &apos;e82be7d358&apos;, time: &apos;2018-11-14T08:17:03&apos;&#10;System info: host: &apos;P117&apos;, ip: &apos;127.0.1.1&apos;, os.name: &apos;Linux&apos;, os.arch: &apos;amd64&apos;, os.version: &apos;4.15.0-136-generic&apos;, java.version: &apos;1.8.0_282&apos;&#10;Driver info: org.openqa.selenium.firefox.FirefoxDriver&#10;Capabilities {acceptInsecureCerts: true, browserName: firefox, browserVersion: 86.0, javascriptEnabled: true, moz:accessibilityChecks: false, moz:buildID: 20210222142601, moz:geckodriverVersion: 0.28.0, moz:headless: false, moz:processID: 9865, moz:profile: /tmp/rust_mozprofileNvmCV4, moz:shutdownTimeout: 60000, moz:useNonSpecCompliantPointerOrigin: false, moz:webdriverClick: true, pageLoadStrategy: normal, platform: LINUX, platformName: LINUX, platformVersion: 4.15.0-136-generic, rotatable: false, setWindowRect: true, strictFileInteractability: false, timeouts: {implicit: 0, pageLoad: 300000, script: 30000}, unhandledPromptBehavior: dismiss and notify}&#10;Session ID: 320ca56d-d032-43ba-bf90-1fb2f92df4c7" type="org.openqa.selenium.ElementClickInterceptedException"><![CDATA[org.openqa.selenium.ElementClickInterceptedException: Element <span> is not clickable at point (1467,55) because another element <a class="btn btn-primary btn-lg" href="https://www.voicemod.net/downloadVoicemodAccount.php?last=1" type="button"> obscures it
Build info: version: '3.141.59', revision: 'e82be7d358', time: '2018-11-14T08:17:03'
System info: host: 'P117', ip: '127.0.1.1', os.name: 'Linux', os.arch: 'amd64', os.version: '4.15.0-136-generic', java.version: '1.8.0_282'
Driver info: org.openqa.selenium.firefox.FirefoxDriver
Capabilities {acceptInsecureCerts: true, browserName: firefox, browserVersion: 86.0, javascriptEnabled: true, moz:accessibilityChecks: false, moz:buildID: 20210222142601, moz:geckodriverVersion: 0.28.0, moz:headless: false, moz:processID: 9865, moz:profile: /tmp/rust_mozprofileNvmCV4, moz:shutdownTimeout: 60000, moz:useNonSpecCompliantPointerOrigin: false, moz:webdriverClick: true, pageLoadStrategy: normal, platform: LINUX, platformName: LINUX, platformVersion: 4.15.0-136-generic, rotatable: false, setWindowRect: true, strictFileInteractability: false, timeouts: {implicit: 0, pageLoad: 300000, script: 30000}, unhandledPromptBehavior: dismiss and notify}
Session ID: 320ca56d-d032-43ba-bf90-1fb2f92df4c7
	at sun.reflect.NativeConstructorAccessorImpl.newInstance0(Native Method)
	at sun.reflect.NativeConstructorAccessorImpl.newInstance(NativeConstructorAccessorImpl.java:62)
	at sun.reflect.DelegatingConstructorAccessorImpl.newInstance(DelegatingConstructorAccessorImpl.java:45)
	at java.lang.reflect.Constructor.newInstance(Constructor.java:423)
	at org.openqa.selenium.remote.http.W3CHttpResponseCodec.createException(W3CHttpResponseCodec.java:187)
	at org.openqa.selenium.remote.http.W3CHttpResponseCodec.decode(W3CHttpResponseCodec.java:122)
	at org.openqa.selenium.remote.http.W3CHttpResponseCodec.decode(W3CHttpResponseCodec.java:49)
	at org.openqa.selenium.remote.HttpCommandExecutor.execute(HttpCommandExecutor.java:158)
	at org.openqa.selenium.remote.service.DriverCommandExecutor.execute(DriverCommandExecutor.java:83)
	at org.openqa.selenium.remote.RemoteWebDriver.execute(RemoteWebDriver.java:552)
	at org.openqa.selenium.remote.RemoteWebElement.execute(RemoteWebElement.java:285)
	at org.openqa.selenium.remote.RemoteWebElement.click(RemoteWebElement.java:84)
	at configuration.BasePageObjectConfig.clickOnElement(BasePageObjectConfig.java:303)
	at pageobject.HomePage.viewLanguages(HomePage.java:167)
	at test.ChangeLanguageTest.changeLanguage(ChangeLanguageTest.java:47)
]]></failure>
    <system-out><![CDATA[[INFO ] 16-03-2021 20:50:08 [TestSetConfig(afterMethod:69)] - ***********************************************************************************************************
[INFO ] 16-03-2021 20:50:08 [TestSetConfig(afterMethod:75)] - [ Test Status ] - The execution of the Test testGetVoicemod was SUCCESS
[INFO ] 16-03-2021 20:50:08 [TestSetConfig(afterMethod:77)] - ***********************************************************************************************************
[INFO ] 16-03-2021 20:50:08 [TestSetConfig(beforeAllConfiguration:57)] - ***********************************************************************************************************
[INFO ] 16-03-2021 20:50:08 [TestSetConfig(beforeAllConfiguration:58)] - [ Test Status ] - Running Test: changeLanguage
[INFO ] 16-03-2021 20:50:08 [TestSetConfig(beforeAllConfiguration:59)] - ***********************************************************************************************************
[INFO ] 16-03-2021 20:50:08 [BasePageObjectConfig(navigateTo:58)] - Navigating to: [https://www.voicemod.net]
[INFO ] 16-03-2021 20:50:08 [BasePageObjectConfig(waitForElementIsVisible:180)] - Waiting for the element to be visible: [By.id: onetrust-accept-btn-handler]
[ERROR] 16-03-2021 20:50:29 [BasePageObjectConfig(waitForElementIsVisible:184)] - The element is not visible: [By.id: onetrust-accept-btn-handler]
org.openqa.selenium.TimeoutException: Expected condition failed: waiting for visibility of element located by By.id: onetrust-accept-btn-handler (tried for 20 second(s) with 500 milliseconds interval)
	at org.openqa.selenium.support.ui.WebDriverWait.timeoutException(WebDriverWait.java:95) ~[selenium-support-3.141.59.jar:?]
	at org.openqa.selenium.support.ui.FluentWait.until(FluentWait.java:272) ~[selenium-support-3.141.59.jar:?]
	at configuration.BasePageObjectConfig.waitForElementIsVisible(BasePageObjectConfig.java:182) ~[classes/:?]
	at pageobject.HomePage.clickOnAcceptCookiesButton(HomePage.java:147) ~[classes/:?]
	at test.ChangeLanguageTest.changeLanguage(ChangeLanguageTest.java:25) ~[test-classes/:?]
	at sun.reflect.NativeMethodAccessorImpl.invoke0(Native Method) ~[?:1.8.0_282]
	at sun.reflect.NativeMethodAccessorImpl.invoke(NativeMethodAccessorImpl.java:62) ~[?:1.8.0_282]
	at sun.reflect.DelegatingMethodAccessorImpl.invoke(DelegatingMethodAccessorImpl.java:43) ~[?:1.8.0_282]
	at java.lang.reflect.Method.invoke(Method.java:498) ~[?:1.8.0_282]
	at org.testng.internal.MethodInvocationHelper.invokeMethod(MethodInvocationHelper.java:132) ~[testng-7.3.0.jar:?]
	at org.testng.internal.TestInvoker.invokeMethod(TestInvoker.java:599) ~[testng-7.3.0.jar:?]
	at org.testng.internal.TestInvoker.invokeTestMethod(TestInvoker.java:174) ~[testng-7.3.0.jar:?]
	at org.testng.internal.MethodRunner.runInSequence(MethodRunner.java:46) ~[testng-7.3.0.jar:?]
	at org.testng.internal.TestInvoker$MethodInvocationAgent.invoke(TestInvoker.java:822) ~[testng-7.3.0.jar:?]
	at org.testng.internal.TestInvoker.invokeTestMethods(TestInvoker.java:147) ~[testng-7.3.0.jar:?]
	at org.testng.internal.TestMethodWorker.invokeTestMethods(TestMethodWorker.java:146) ~[testng-7.3.0.jar:?]
	at org.testng.internal.TestMethodWorker.run(TestMethodWorker.java:128) ~[testng-7.3.0.jar:?]
	at java.util.ArrayList.forEach(ArrayList.java:1259) [?:1.8.0_282]
	at org.testng.TestRunner.privateRun(TestRunner.java:764) [testng-7.3.0.jar:?]
	at org.testng.TestRunner.run(TestRunner.java:585) [testng-7.3.0.jar:?]
	at org.testng.SuiteRunner.runTest(SuiteRunner.java:384) [testng-7.3.0.jar:?]
	at org.testng.SuiteRunner.runSequentially(SuiteRunner.java:378) [testng-7.3.0.jar:?]
	at org.testng.SuiteRunner.privateRun(SuiteRunner.java:337) [testng-7.3.0.jar:?]
	at org.testng.SuiteRunner.run(SuiteRunner.java:286) [testng-7.3.0.jar:?]
	at org.testng.SuiteRunnerWorker.runSuite(SuiteRunnerWorker.java:53) [testng-7.3.0.jar:?]
	at org.testng.SuiteRunnerWorker.run(SuiteRunnerWorker.java:96) [testng-7.3.0.jar:?]
	at org.testng.TestNG.runSuitesSequentially(TestNG.java:1218) [testng-7.3.0.jar:?]
	at org.testng.TestNG.runSuitesLocally(TestNG.java:1140) [testng-7.3.0.jar:?]
	at org.testng.TestNG.runSuites(TestNG.java:1069) [testng-7.3.0.jar:?]
	at org.testng.TestNG.run(TestNG.java:1037) [testng-7.3.0.jar:?]
	at org.apache.maven.surefire.testng.TestNGExecutor.run(TestNGExecutor.java:295) [surefire-testng-2.18.1.jar:2.18.1]
	at org.apache.maven.surefire.testng.TestNGXmlTestSuite.execute(TestNGXmlTestSuite.java:84) [surefire-testng-2.18.1.jar:2.18.1]
	at org.apache.maven.surefire.testng.TestNGProvider.invoke(TestNGProvider.java:90) [surefire-testng-2.18.1.jar:2.18.1]
	at org.apache.maven.surefire.booter.ForkedBooter.invokeProviderInSameClassLoader(ForkedBooter.java:203) [surefire-booter-2.18.1.jar:2.18.1]
	at org.apache.maven.surefire.booter.ForkedBooter.runSuitesInProcess(ForkedBooter.java:155) [surefire-booter-2.18.1.jar:2.18.1]
	at org.apache.maven.surefire.booter.ForkedBooter.main(ForkedBooter.java:103) [surefire-booter-2.18.1.jar:2.18.1]
Caused by: org.openqa.selenium.NoSuchElementException: Unable to locate element: #onetrust\-accept\-btn\-handler
For documentation on this error, please visit: https://www.seleniumhq.org/exceptions/no_such_element.html
Build info: version: '3.141.59', revision: 'e82be7d358', time: '2018-11-14T08:17:03'
System info: host: 'P117', ip: '127.0.1.1', os.name: 'Linux', os.arch: 'amd64', os.version: '4.15.0-136-generic', java.version: '1.8.0_282'
Driver info: org.openqa.selenium.firefox.FirefoxDriver
Capabilities {acceptInsecureCerts: true, browserName: firefox, browserVersion: 86.0, javascriptEnabled: true, moz:accessibilityChecks: false, moz:buildID: 20210222142601, moz:geckodriverVersion: 0.28.0, moz:headless: false, moz:processID: 9865, moz:profile: /tmp/rust_mozprofileNvmCV4, moz:shutdownTimeout: 60000, moz:useNonSpecCompliantPointerOrigin: false, moz:webdriverClick: true, pageLoadStrategy: normal, platform: LINUX, platformName: LINUX, platformVersion: 4.15.0-136-generic, rotatable: false, setWindowRect: true, strictFileInteractability: false, timeouts: {implicit: 0, pageLoad: 300000, script: 30000}, unhandledPromptBehavior: dismiss and notify}
Session ID: 320ca56d-d032-43ba-bf90-1fb2f92df4c7
*** Element info: {Using=id, value=onetrust-accept-btn-handler}
	at sun.reflect.GeneratedConstructorAccessor15.newInstance(Unknown Source) ~[?:?]
	at sun.reflect.DelegatingConstructorAccessorImpl.newInstance(DelegatingConstructorAccessorImpl.java:45) ~[?:1.8.0_282]
	at java.lang.reflect.Constructor.newInstance(Constructor.java:423) ~[?:1.8.0_282]
	at org.openqa.selenium.remote.http.W3CHttpResponseCodec.createException(W3CHttpResponseCodec.java:187) ~[selenium-remote-driver-3.141.59.jar:?]
	at org.openqa.selenium.remote.http.W3CHttpResponseCodec.decode(W3CHttpResponseCodec.java:122) ~[selenium-remote-driver-3.141.59.jar:?]
	at org.openqa.selenium.remote.http.W3CHttpResponseCodec.decode(W3CHttpResponseCodec.java:49) ~[selenium-remote-driver-3.141.59.jar:?]
	at org.openqa.selenium.remote.HttpCommandExecutor.execute(HttpCommandExecutor.java:158) ~[selenium-remote-driver-3.141.59.jar:?]
	at org.openqa.selenium.remote.service.DriverCommandExecutor.execute(DriverCommandExecutor.java:83) ~[selenium-remote-driver-3.141.59.jar:?]
	at org.openqa.selenium.remote.RemoteWebDriver.execute(RemoteWebDriver.java:552) ~[selenium-remote-driver-3.141.59.jar:?]
	at org.openqa.selenium.remote.RemoteWebDriver.findElement(RemoteWebDriver.java:323) ~[selenium-remote-driver-3.141.59.jar:?]
	at org.openqa.selenium.remote.RemoteWebDriver.findElementById(RemoteWebDriver.java:372) ~[selenium-remote-driver-3.141.59.jar:?]
	at org.openqa.selenium.By$ById.findElement(By.java:188) ~[selenium-api-3.141.59.jar:?]
	at org.openqa.selenium.remote.RemoteWebDriver.findElement(RemoteWebDriver.java:315) ~[selenium-remote-driver-3.141.59.jar:?]
	at org.openqa.selenium.support.ui.ExpectedConditions$7.apply(ExpectedConditions.java:205) ~[selenium-support-3.141.59.jar:?]
	at org.openqa.selenium.support.ui.ExpectedConditions$7.apply(ExpectedConditions.java:201) ~[selenium-support-3.141.59.jar:?]
	at org.openqa.selenium.support.ui.FluentWait.until(FluentWait.java:249) ~[selenium-support-3.141.59.jar:?]
	... 34 more
[INFO ] 16-03-2021 20:50:29 [HomePage(clickOnAcceptCookiesButton:151)] - [INFO] - The button cookies doesn't appear
[INFO ] 16-03-2021 20:50:29 [BasePageObjectConfig(isElementVisible:74)] - Checking if the element is visible: [By.id: logo]
[INFO ] 16-03-2021 20:50:29 [BasePageObjectConfig(isElementVisible:74)] - Checking if the element is visible: [By.xpath: //a[@title='Voice Changer for PC']]
[INFO ] 16-03-2021 20:50:29 [BasePageObjectConfig(isElementVisible:74)] - Checking if the element is visible: [By.xpath: //a[contains(text(),'Soundboard')]]
[INFO ] 16-03-2021 20:50:29 [BasePageObjectConfig(isElementVisible:74)] - Checking if the element is visible: [By.xpath: //body/div[1]/div[1]/div[1]/div[2]/ul[1]/li[3]/a[1]]
[INFO ] 16-03-2021 20:50:29 [BasePageObjectConfig(isElementVisible:74)] - Checking if the element is visible: [By.xpath: //a[contains(text(),'FAQ')]]
[INFO ] 16-03-2021 20:50:29 [BasePageObjectConfig(isElementVisible:74)] - Checking if the element is visible: [By.xpath: //a[contains(text(),'Our Apps')]]
[INFO ] 16-03-2021 20:50:29 [BasePageObjectConfig(isElementVisible:74)] - Checking if the element is visible: [By.xpath: //a[contains(text(),'Blog')]]
[INFO ] 16-03-2021 20:50:29 [BasePageObjectConfig(isElementVisible:74)] - Checking if the element is visible: [By.xpath: //span[contains(text(),'English')]]
[INFO ] 16-03-2021 20:50:29 [BasePageObjectConfig(isElementVisible:74)] - Checking if the element is visible: [By.xpath: //h1[contains(text(),'FREE REAL-TIME VOICE CHANGER')]]
[INFO ] 16-03-2021 20:50:29 [BasePageObjectConfig(isElementVisible:74)] - Checking if the element is visible: [By.className: subtitle]
[INFO ] 16-03-2021 20:50:29 [BasePageObjectConfig(isElementVisible:74)] - Checking if the element is visible: [By.linkText: GET VOICEMOD FREE]
[INFO ] 16-03-2021 20:50:29 [BasePageObjectConfig(executeJsScript:289)] - [INFO] -Executing the following JavaScript Script: window.scrollTo(0, document.body.scrollHeight)
[INFO ] 16-03-2021 20:50:29 [BasePageObjectConfig(isElementVisible:74)] - Checking if the element is visible: [By.xpath: //header/div[1]/div[1]/div[3]/a[1]]
[INFO ] 16-03-2021 20:50:29 [BasePageObjectConfig(isElementVisible:74)] - Checking if the element is visible: [By.xpath: //a[contains(text(),'Privacy Policy')]]
[INFO ] 16-03-2021 20:50:29 [BasePageObjectConfig(isElementVisible:74)] - Checking if the element is visible: [By.xpath: //a[contains(text(),'Cookies Policy')]]
[INFO ] 16-03-2021 20:50:29 [BasePageObjectConfig(executeJsScript:289)] - [INFO] -Executing the following JavaScript Script: window.scrollTo(0, 0)
[INFO ] 16-03-2021 20:50:29 [BasePageObjectConfig(waitForElementIsNotVisible:197)] - Waiting for the element not to be visible: [By.id: onetrust-accept-btn-handler]
[INFO ] 16-03-2021 20:50:29 [BasePageObjectConfig(clickOnElement:302)] - Clicking on element: [By.xpath: //span[contains(text(),'English')]]
]]></system-out>
  </testcase>
  <testcase name="goToPlayStoreTest" classname="test.GoToPlayStoreTest" time="32.705"/>
  <testcase name="goToPlayStoreTest" classname="test.GoToIosStoreTest" time="21.197">
    <failure message="Element &lt;a href=&quot;https://www.voicemod.net/voicemod-clips/&quot;&gt; is not clickable at point (1317,55) because another element &lt;div class=&quot;row align-items-center&quot;&gt; obscures it&#10;Build info: version: &apos;3.141.59&apos;, revision: &apos;e82be7d358&apos;, time: &apos;2018-11-14T08:17:03&apos;&#10;System info: host: &apos;P117&apos;, ip: &apos;127.0.1.1&apos;, os.name: &apos;Linux&apos;, os.arch: &apos;amd64&apos;, os.version: &apos;4.15.0-136-generic&apos;, java.version: &apos;1.8.0_282&apos;&#10;Driver info: org.openqa.selenium.firefox.FirefoxDriver&#10;Capabilities {acceptInsecureCerts: true, browserName: firefox, browserVersion: 86.0, javascriptEnabled: true, moz:accessibilityChecks: false, moz:buildID: 20210222142601, moz:geckodriverVersion: 0.28.0, moz:headless: false, moz:processID: 9865, moz:profile: /tmp/rust_mozprofileNvmCV4, moz:shutdownTimeout: 60000, moz:useNonSpecCompliantPointerOrigin: false, moz:webdriverClick: true, pageLoadStrategy: normal, platform: LINUX, platformName: LINUX, platformVersion: 4.15.0-136-generic, rotatable: false, setWindowRect: true, strictFileInteractability: false, timeouts: {implicit: 0, pageLoad: 300000, script: 30000}, unhandledPromptBehavior: dismiss and notify}&#10;Session ID: 320ca56d-d032-43ba-bf90-1fb2f92df4c7" type="org.openqa.selenium.ElementClickInterceptedException"><![CDATA[org.openqa.selenium.ElementClickInterceptedException: Element <a href="https://www.voicemod.net/voicemod-clips/"> is not clickable at point (1317,55) because another element <div class="row align-items-center"> obscures it
Build info: version: '3.141.59', revision: 'e82be7d358', time: '2018-11-14T08:17:03'
System info: host: 'P117', ip: '127.0.1.1', os.name: 'Linux', os.arch: 'amd64', os.version: '4.15.0-136-generic', java.version: '1.8.0_282'
Driver info: org.openqa.selenium.firefox.FirefoxDriver
Capabilities {acceptInsecureCerts: true, browserName: firefox, browserVersion: 86.0, javascriptEnabled: true, moz:accessibilityChecks: false, moz:buildID: 20210222142601, moz:geckodriverVersion: 0.28.0, moz:headless: false, moz:processID: 9865, moz:profile: /tmp/rust_mozprofileNvmCV4, moz:shutdownTimeout: 60000, moz:useNonSpecCompliantPointerOrigin: false, moz:webdriverClick: true, pageLoadStrategy: normal, platform: LINUX, platformName: LINUX, platformVersion: 4.15.0-136-generic, rotatable: false, setWindowRect: true, strictFileInteractability: false, timeouts: {implicit: 0, pageLoad: 300000, script: 30000}, unhandledPromptBehavior: dismiss and notify}
Session ID: 320ca56d-d032-43ba-bf90-1fb2f92df4c7
	at sun.reflect.NativeConstructorAccessorImpl.newInstance0(Native Method)
	at sun.reflect.NativeConstructorAccessorImpl.newInstance(NativeConstructorAccessorImpl.java:62)
	at sun.reflect.DelegatingConstructorAccessorImpl.newInstance(DelegatingConstructorAccessorImpl.java:45)
	at java.lang.reflect.Constructor.newInstance(Constructor.java:423)
	at org.openqa.selenium.remote.http.W3CHttpResponseCodec.createException(W3CHttpResponseCodec.java:187)
	at org.openqa.selenium.remote.http.W3CHttpResponseCodec.decode(W3CHttpResponseCodec.java:122)
	at org.openqa.selenium.remote.http.W3CHttpResponseCodec.decode(W3CHttpResponseCodec.java:49)
	at org.openqa.selenium.remote.HttpCommandExecutor.execute(HttpCommandExecutor.java:158)
	at org.openqa.selenium.remote.service.DriverCommandExecutor.execute(DriverCommandExecutor.java:83)
	at org.openqa.selenium.remote.RemoteWebDriver.execute(RemoteWebDriver.java:552)
	at org.openqa.selenium.remote.RemoteWebElement.execute(RemoteWebElement.java:285)
	at org.openqa.selenium.remote.RemoteWebElement.click(RemoteWebElement.java:84)
	at configuration.BasePageObjectConfig.clickOnElement(BasePageObjectConfig.java:303)
	at pageobject.HomePage.openOurApps(HomePage.java:185)
	at test.GoToIosStoreTest.goToPlayStoreTest(GoToIosStoreTest.java:55)
]]></failure>
    <system-out><![CDATA[[INFO ] 16-03-2021 20:51:02 [TestSetConfig(afterMethod:69)] - ***********************************************************************************************************
[INFO ] 16-03-2021 20:51:02 [TestSetConfig(afterMethod:75)] - [ Test Status ] - The execution of the Test goToPlayStoreTest was SUCCESS
[INFO ] 16-03-2021 20:51:02 [TestSetConfig(afterMethod:77)] - ***********************************************************************************************************
[INFO ] 16-03-2021 20:51:02 [TestSetConfig(beforeAllConfiguration:57)] - ***********************************************************************************************************
[INFO ] 16-03-2021 20:51:02 [TestSetConfig(beforeAllConfiguration:58)] - [ Test Status ] - Running Test: goToPlayStoreTest
[INFO ] 16-03-2021 20:51:02 [TestSetConfig(beforeAllConfiguration:59)] - ***********************************************************************************************************
[INFO ] 16-03-2021 20:51:02 [BasePageObjectConfig(navigateTo:58)] - Navigating to: [https://www.voicemod.net]
[INFO ] 16-03-2021 20:51:03 [BasePageObjectConfig(waitForElementIsVisible:180)] - Waiting for the element to be visible: [By.id: onetrust-accept-btn-handler]
[ERROR] 16-03-2021 20:51:23 [BasePageObjectConfig(waitForElementIsVisible:184)] - The element is not visible: [By.id: onetrust-accept-btn-handler]
org.openqa.selenium.TimeoutException: Expected condition failed: waiting for visibility of element located by By.id: onetrust-accept-btn-handler (tried for 20 second(s) with 500 milliseconds interval)
	at org.openqa.selenium.support.ui.WebDriverWait.timeoutException(WebDriverWait.java:95) ~[selenium-support-3.141.59.jar:?]
	at org.openqa.selenium.support.ui.FluentWait.until(FluentWait.java:272) ~[selenium-support-3.141.59.jar:?]
	at configuration.BasePageObjectConfig.waitForElementIsVisible(BasePageObjectConfig.java:182) ~[classes/:?]
	at pageobject.HomePage.clickOnAcceptCookiesButton(HomePage.java:147) ~[classes/:?]
	at test.GoToIosStoreTest.goToPlayStoreTest(GoToIosStoreTest.java:29) ~[test-classes/:?]
	at sun.reflect.NativeMethodAccessorImpl.invoke0(Native Method) ~[?:1.8.0_282]
	at sun.reflect.NativeMethodAccessorImpl.invoke(NativeMethodAccessorImpl.java:62) ~[?:1.8.0_282]
	at sun.reflect.DelegatingMethodAccessorImpl.invoke(DelegatingMethodAccessorImpl.java:43) ~[?:1.8.0_282]
	at java.lang.reflect.Method.invoke(Method.java:498) ~[?:1.8.0_282]
	at org.testng.internal.MethodInvocationHelper.invokeMethod(MethodInvocationHelper.java:132) ~[testng-7.3.0.jar:?]
	at org.testng.internal.TestInvoker.invokeMethod(TestInvoker.java:599) ~[testng-7.3.0.jar:?]
	at org.testng.internal.TestInvoker.invokeTestMethod(TestInvoker.java:174) ~[testng-7.3.0.jar:?]
	at org.testng.internal.MethodRunner.runInSequence(MethodRunner.java:46) ~[testng-7.3.0.jar:?]
	at org.testng.internal.TestInvoker$MethodInvocationAgent.invoke(TestInvoker.java:822) ~[testng-7.3.0.jar:?]
	at org.testng.internal.TestInvoker.invokeTestMethods(TestInvoker.java:147) ~[testng-7.3.0.jar:?]
	at org.testng.internal.TestMethodWorker.invokeTestMethods(TestMethodWorker.java:146) ~[testng-7.3.0.jar:?]
	at org.testng.internal.TestMethodWorker.run(TestMethodWorker.java:128) ~[testng-7.3.0.jar:?]
	at java.util.ArrayList.forEach(ArrayList.java:1259) [?:1.8.0_282]
	at org.testng.TestRunner.privateRun(TestRunner.java:764) [testng-7.3.0.jar:?]
	at org.testng.TestRunner.run(TestRunner.java:585) [testng-7.3.0.jar:?]
	at org.testng.SuiteRunner.runTest(SuiteRunner.java:384) [testng-7.3.0.jar:?]
	at org.testng.SuiteRunner.runSequentially(SuiteRunner.java:378) [testng-7.3.0.jar:?]
	at org.testng.SuiteRunner.privateRun(SuiteRunner.java:337) [testng-7.3.0.jar:?]
	at org.testng.SuiteRunner.run(SuiteRunner.java:286) [testng-7.3.0.jar:?]
	at org.testng.SuiteRunnerWorker.runSuite(SuiteRunnerWorker.java:53) [testng-7.3.0.jar:?]
	at org.testng.SuiteRunnerWorker.run(SuiteRunnerWorker.java:96) [testng-7.3.0.jar:?]
	at org.testng.TestNG.runSuitesSequentially(TestNG.java:1218) [testng-7.3.0.jar:?]
	at org.testng.TestNG.runSuitesLocally(TestNG.java:1140) [testng-7.3.0.jar:?]
	at org.testng.TestNG.runSuites(TestNG.java:1069) [testng-7.3.0.jar:?]
	at org.testng.TestNG.run(TestNG.java:1037) [testng-7.3.0.jar:?]
	at org.apache.maven.surefire.testng.TestNGExecutor.run(TestNGExecutor.java:295) [surefire-testng-2.18.1.jar:2.18.1]
	at org.apache.maven.surefire.testng.TestNGXmlTestSuite.execute(TestNGXmlTestSuite.java:84) [surefire-testng-2.18.1.jar:2.18.1]
	at org.apache.maven.surefire.testng.TestNGProvider.invoke(TestNGProvider.java:90) [surefire-testng-2.18.1.jar:2.18.1]
	at org.apache.maven.surefire.booter.ForkedBooter.invokeProviderInSameClassLoader(ForkedBooter.java:203) [surefire-booter-2.18.1.jar:2.18.1]
	at org.apache.maven.surefire.booter.ForkedBooter.runSuitesInProcess(ForkedBooter.java:155) [surefire-booter-2.18.1.jar:2.18.1]
	at org.apache.maven.surefire.booter.ForkedBooter.main(ForkedBooter.java:103) [surefire-booter-2.18.1.jar:2.18.1]
Caused by: org.openqa.selenium.NoSuchElementException: Unable to locate element: #onetrust\-accept\-btn\-handler
For documentation on this error, please visit: https://www.seleniumhq.org/exceptions/no_such_element.html
Build info: version: '3.141.59', revision: 'e82be7d358', time: '2018-11-14T08:17:03'
System info: host: 'P117', ip: '127.0.1.1', os.name: 'Linux', os.arch: 'amd64', os.version: '4.15.0-136-generic', java.version: '1.8.0_282'
Driver info: org.openqa.selenium.firefox.FirefoxDriver
Capabilities {acceptInsecureCerts: true, browserName: firefox, browserVersion: 86.0, javascriptEnabled: true, moz:accessibilityChecks: false, moz:buildID: 20210222142601, moz:geckodriverVersion: 0.28.0, moz:headless: false, moz:processID: 9865, moz:profile: /tmp/rust_mozprofileNvmCV4, moz:shutdownTimeout: 60000, moz:useNonSpecCompliantPointerOrigin: false, moz:webdriverClick: true, pageLoadStrategy: normal, platform: LINUX, platformName: LINUX, platformVersion: 4.15.0-136-generic, rotatable: false, setWindowRect: true, strictFileInteractability: false, timeouts: {implicit: 0, pageLoad: 300000, script: 30000}, unhandledPromptBehavior: dismiss and notify}
Session ID: 320ca56d-d032-43ba-bf90-1fb2f92df4c7
*** Element info: {Using=id, value=onetrust-accept-btn-handler}
	at sun.reflect.GeneratedConstructorAccessor15.newInstance(Unknown Source) ~[?:?]
	at sun.reflect.DelegatingConstructorAccessorImpl.newInstance(DelegatingConstructorAccessorImpl.java:45) ~[?:1.8.0_282]
	at java.lang.reflect.Constructor.newInstance(Constructor.java:423) ~[?:1.8.0_282]
	at org.openqa.selenium.remote.http.W3CHttpResponseCodec.createException(W3CHttpResponseCodec.java:187) ~[selenium-remote-driver-3.141.59.jar:?]
	at org.openqa.selenium.remote.http.W3CHttpResponseCodec.decode(W3CHttpResponseCodec.java:122) ~[selenium-remote-driver-3.141.59.jar:?]
	at org.openqa.selenium.remote.http.W3CHttpResponseCodec.decode(W3CHttpResponseCodec.java:49) ~[selenium-remote-driver-3.141.59.jar:?]
	at org.openqa.selenium.remote.HttpCommandExecutor.execute(HttpCommandExecutor.java:158) ~[selenium-remote-driver-3.141.59.jar:?]
	at org.openqa.selenium.remote.service.DriverCommandExecutor.execute(DriverCommandExecutor.java:83) ~[selenium-remote-driver-3.141.59.jar:?]
	at org.openqa.selenium.remote.RemoteWebDriver.execute(RemoteWebDriver.java:552) ~[selenium-remote-driver-3.141.59.jar:?]
	at org.openqa.selenium.remote.RemoteWebDriver.findElement(RemoteWebDriver.java:323) ~[selenium-remote-driver-3.141.59.jar:?]
	at org.openqa.selenium.remote.RemoteWebDriver.findElementById(RemoteWebDriver.java:372) ~[selenium-remote-driver-3.141.59.jar:?]
	at org.openqa.selenium.By$ById.findElement(By.java:188) ~[selenium-api-3.141.59.jar:?]
	at org.openqa.selenium.remote.RemoteWebDriver.findElement(RemoteWebDriver.java:315) ~[selenium-remote-driver-3.141.59.jar:?]
	at org.openqa.selenium.support.ui.ExpectedConditions$7.apply(ExpectedConditions.java:205) ~[selenium-support-3.141.59.jar:?]
	at org.openqa.selenium.support.ui.ExpectedConditions$7.apply(ExpectedConditions.java:201) ~[selenium-support-3.141.59.jar:?]
	at org.openqa.selenium.support.ui.FluentWait.until(FluentWait.java:249) ~[selenium-support-3.141.59.jar:?]
	... 34 more
[INFO ] 16-03-2021 20:51:23 [HomePage(clickOnAcceptCookiesButton:151)] - [INFO] - The button cookies doesn't appear
[INFO ] 16-03-2021 20:51:23 [BasePageObjectConfig(isElementVisible:74)] - Checking if the element is visible: [By.id: logo]
[INFO ] 16-03-2021 20:51:23 [BasePageObjectConfig(isElementVisible:74)] - Checking if the element is visible: [By.xpath: //a[@title='Voice Changer for PC']]
[INFO ] 16-03-2021 20:51:23 [BasePageObjectConfig(isElementVisible:74)] - Checking if the element is visible: [By.xpath: //a[contains(text(),'Soundboard')]]
[INFO ] 16-03-2021 20:51:23 [BasePageObjectConfig(isElementVisible:74)] - Checking if the element is visible: [By.xpath: //body/div[1]/div[1]/div[1]/div[2]/ul[1]/li[3]/a[1]]
[INFO ] 16-03-2021 20:51:23 [BasePageObjectConfig(isElementVisible:74)] - Checking if the element is visible: [By.xpath: //a[contains(text(),'FAQ')]]
[INFO ] 16-03-2021 20:51:23 [BasePageObjectConfig(isElementVisible:74)] - Checking if the element is visible: [By.xpath: //a[contains(text(),'Our Apps')]]
[INFO ] 16-03-2021 20:51:23 [BasePageObjectConfig(isElementVisible:74)] - Checking if the element is visible: [By.xpath: //a[contains(text(),'Blog')]]
[INFO ] 16-03-2021 20:51:23 [BasePageObjectConfig(isElementVisible:74)] - Checking if the element is visible: [By.xpath: //span[contains(text(),'English')]]
[INFO ] 16-03-2021 20:51:23 [BasePageObjectConfig(isElementVisible:74)] - Checking if the element is visible: [By.xpath: //h1[contains(text(),'FREE REAL-TIME VOICE CHANGER')]]
[INFO ] 16-03-2021 20:51:23 [BasePageObjectConfig(isElementVisible:74)] - Checking if the element is visible: [By.className: subtitle]
[INFO ] 16-03-2021 20:51:23 [BasePageObjectConfig(isElementVisible:74)] - Checking if the element is visible: [By.linkText: GET VOICEMOD FREE]
[INFO ] 16-03-2021 20:51:23 [BasePageObjectConfig(executeJsScript:289)] - [INFO] -Executing the following JavaScript Script: window.scrollTo(0, document.body.scrollHeight)
[INFO ] 16-03-2021 20:51:23 [BasePageObjectConfig(isElementVisible:74)] - Checking if the element is visible: [By.xpath: //header/div[1]/div[1]/div[3]/a[1]]
[INFO ] 16-03-2021 20:51:23 [BasePageObjectConfig(isElementVisible:74)] - Checking if the element is visible: [By.xpath: //a[contains(text(),'Privacy Policy')]]
[INFO ] 16-03-2021 20:51:23 [BasePageObjectConfig(isElementVisible:74)] - Checking if the element is visible: [By.xpath: //a[contains(text(),'Cookies Policy')]]
[INFO ] 16-03-2021 20:51:23 [BasePageObjectConfig(executeJsScript:289)] - [INFO] -Executing the following JavaScript Script: window.scrollTo(0, 0)
[INFO ] 16-03-2021 20:51:23 [BasePageObjectConfig(waitForElementIsNotVisible:197)] - Waiting for the element not to be visible: [By.id: onetrust-accept-btn-handler]
[INFO ] 16-03-2021 20:51:23 [BasePageObjectConfig(waitForElementIsEnabledAndClickable:231)] - Waiting for the element to be enabled and clickable: [By.xpath: //a[contains(text(),'Our Apps')]]
[INFO ] 16-03-2021 20:51:23 [BasePageObjectConfig(clickOnElement:302)] - Clicking on element: [By.xpath: //a[contains(text(),'Our Apps')]]
]]></system-out>
  </testcase>
  <testcase name="tearDown" classname="test.GetVoicemodTest" time="22.057">
    <failure message="Tried to run command without establishing a connection&#10;Build info: version: &apos;3.141.59&apos;, revision: &apos;e82be7d358&apos;, time: &apos;2018-11-14T08:17:03&apos;&#10;System info: host: &apos;P117&apos;, ip: &apos;127.0.1.1&apos;, os.name: &apos;Linux&apos;, os.arch: &apos;amd64&apos;, os.version: &apos;4.15.0-136-generic&apos;, java.version: &apos;1.8.0_282&apos;&#10;Driver info: org.openqa.selenium.firefox.FirefoxDriver&#10;Capabilities {acceptInsecureCerts: true, browserName: firefox, browserVersion: 86.0, javascriptEnabled: true, moz:accessibilityChecks: false, moz:buildID: 20210222142601, moz:geckodriverVersion: 0.28.0, moz:headless: false, moz:processID: 9865, moz:profile: /tmp/rust_mozprofileNvmCV4, moz:shutdownTimeout: 60000, moz:useNonSpecCompliantPointerOrigin: false, moz:webdriverClick: true, pageLoadStrategy: normal, platform: LINUX, platformName: LINUX, platformVersion: 4.15.0-136-generic, rotatable: false, setWindowRect: true, strictFileInteractability: false, timeouts: {implicit: 0, pageLoad: 300000, script: 30000}, unhandledPromptBehavior: dismiss and notify}&#10;Session ID: 320ca56d-d032-43ba-bf90-1fb2f92df4c7" type="org.openqa.selenium.NoSuchSessionException">org.openqa.selenium.NoSuchSessionException: Tried to run command without establishing a connection
Build info: version: '3.141.59', revision: 'e82be7d358', time: '2018-11-14T08:17:03'
System info: host: 'P117', ip: '127.0.1.1', os.name: 'Linux', os.arch: 'amd64', os.version: '4.15.0-136-generic', java.version: '1.8.0_282'
Driver info: org.openqa.selenium.firefox.FirefoxDriver
Capabilities {acceptInsecureCerts: true, browserName: firefox, browserVersion: 86.0, javascriptEnabled: true, moz:accessibilityChecks: false, moz:buildID: 20210222142601, moz:geckodriverVersion: 0.28.0, moz:headless: false, moz:processID: 9865, moz:profile: /tmp/rust_mozprofileNvmCV4, moz:shutdownTimeout: 60000, moz:useNonSpecCompliantPointerOrigin: false, moz:webdriverClick: true, pageLoadStrategy: normal, platform: LINUX, platformName: LINUX, platformVersion: 4.15.0-136-generic, rotatable: false, setWindowRect: true, strictFileInteractability: false, timeouts: {implicit: 0, pageLoad: 300000, script: 30000}, unhandledPromptBehavior: dismiss and notify}
Session ID: 320ca56d-d032-43ba-bf90-1fb2f92df4c7
	at sun.reflect.NativeConstructorAccessorImpl.newInstance0(Native Method)
	at sun.reflect.NativeConstructorAccessorImpl.newInstance(NativeConstructorAccessorImpl.java:62)
	at sun.reflect.DelegatingConstructorAccessorImpl.newInstance(DelegatingConstructorAccessorImpl.java:45)
	at java.lang.reflect.Constructor.newInstance(Constructor.java:423)
	at org.openqa.selenium.remote.http.W3CHttpResponseCodec.createException(W3CHttpResponseCodec.java:187)
	at org.openqa.selenium.remote.http.W3CHttpResponseCodec.decode(W3CHttpResponseCodec.java:122)
	at org.openqa.selenium.remote.http.W3CHttpResponseCodec.decode(W3CHttpResponseCodec.java:49)
	at org.openqa.selenium.remote.HttpCommandExecutor.execute(HttpCommandExecutor.java:158)
	at org.openqa.selenium.remote.service.DriverCommandExecutor.execute(DriverCommandExecutor.java:83)
	at org.openqa.selenium.remote.RemoteWebDriver.execute(RemoteWebDriver.java:552)
	at org.openqa.selenium.remote.RemoteWebDriver.execute(RemoteWebDriver.java:609)
	at org.openqa.selenium.remote.RemoteWebDriver.close(RemoteWebDriver.java:442)
	at configuration.TestSetConfig.tearDown(TestSetConfig.java:94)
	at sun.reflect.NativeMethodAccessorImpl.invoke0(Native Method)
	at sun.reflect.NativeMethodAccessorImpl.invoke(NativeMethodAccessorImpl.java:62)
	at sun.reflect.DelegatingMethodAccessorImpl.invoke(DelegatingMethodAccessorImpl.java:43)
	at java.lang.reflect.Method.invoke(Method.java:498)
	at org.testng.internal.MethodInvocationHelper.invokeMethod(MethodInvocationHelper.java:132)
	at org.testng.internal.MethodInvocationHelper.invokeMethodConsideringTimeout(MethodInvocationHelper.java:61)
	at org.testng.internal.ConfigInvoker.invokeConfigurationMethod(ConfigInvoker.java:366)
	at org.testng.internal.ConfigInvoker.invokeConfigurations(ConfigInvoker.java:320)
	at org.testng.SuiteRunner.privateRun(SuiteRunner.java:351)
	at org.testng.SuiteRunner.run(SuiteRunner.java:286)
	at org.testng.SuiteRunnerWorker.runSuite(SuiteRunnerWorker.java:53)
	at org.testng.SuiteRunnerWorker.run(SuiteRunnerWorker.java:96)
	at org.testng.TestNG.runSuitesSequentially(TestNG.java:1218)
	at org.testng.TestNG.runSuitesLocally(TestNG.java:1140)
	at org.testng.TestNG.runSuites(TestNG.java:1069)
	at org.testng.TestNG.run(TestNG.java:1037)
	at org.apache.maven.surefire.testng.TestNGExecutor.run(TestNGExecutor.java:295)
	at org.apache.maven.surefire.testng.TestNGXmlTestSuite.execute(TestNGXmlTestSuite.java:84)
	at org.apache.maven.surefire.testng.TestNGProvider.invoke(TestNGProvider.java:90)
	at org.apache.maven.surefire.booter.ForkedBooter.invokeProviderInSameClassLoader(ForkedBooter.java:203)
	at org.apache.maven.surefire.booter.ForkedBooter.runSuitesInProcess(ForkedBooter.java:155)
	at org.apache.maven.surefire.booter.ForkedBooter.main(ForkedBooter.java:103)
</failure>
    <system-out><![CDATA[[INFO ] 16-03-2021 20:51:23 [TestSetConfig(afterMethod:69)] - ***********************************************************************************************************
[INFO ] 16-03-2021 20:51:23 [TestSetConfig(afterMethod:72)] - [ Test Status ] - The execution of the Test goToPlayStoreTest was FAILURE
[INFO ] 16-03-2021 20:51:24 [TestSetConfig(takeScreenShots:123)] - Screenshot saved as:resources/screenshot/20210316-2051
[INFO ] 16-03-2021 20:51:24 [TestSetConfig(afterMethod:77)] - ***********************************************************************************************************
[INFO ] 16-03-2021 20:51:24 [TestSetConfig(closeWindow:84)] - [ Driver Configuration ] - Quit this Driver
[INFO ] 16-03-2021 20:51:24 [TestSetConfig(tearDown:93)] - [ Driver Configuration ] - Quit this Driver, closing every instance associated
]]></system-out>
    <system-err><![CDATA[1615924284260	Marionette	INFO	Stopped listening on port 34211

###!!! [Parent][RunMessage] Error: Channel closing: too late to send/recv, messages will be lost

]]></system-err>
  </testcase>
</testsuite>